<?xml version="1.0" encoding="UTF-8"?>
<!-- Generated by org.testng.reporters.JUnitXMLReporter -->
<testsuite ignored="0" hostname="LAPTOP-B17B4A37" failures="0" tests="3" name="Default test" time="0.056" errors="0" timestamp="2022-05-31T13:29:13 IST">
  <testcase classname="testClasses.VerifyHeadersTESTnGAmazon" name="@BeforeTest browserLaunch" time="-1.653983952955E9">
    <failure type="org.testng.TestNGException" message="
Parameter &amp;apos;BroW&amp;apos; is required by BeforeTest on method browserLaunch but has not been marked @Optional or defined
in C:\Users\ADMIN\AppData\Local\Temp\testng-eclipse-261144452\testng-customsuite.xml">
      <![CDATA[org.testng.TestNGException: 
Parameter 'BroW' is required by BeforeTest on method browserLaunch but has not been marked @Optional or defined
in C:\Users\ADMIN\AppData\Local\Temp\testng-eclipse-261144452\testng-customsuite.xml
at org.testng.internal.Parameters.createParams(Parameters.java:270)
at org.testng.internal.Parameters.createParametersForMethod(Parameters.java:358)
at org.testng.internal.Parameters.createParameters(Parameters.java:700)
at org.testng.internal.Parameters.createConfigurationParameters(Parameters.java:168)
at org.testng.internal.ConfigInvoker.invokeConfigurations(ConfigInvoker.java:302)
at org.testng.TestRunner.invokeTestConfigurations(TestRunner.java:637)
at org.testng.TestRunner.beforeRun(TestRunner.java:627)
at org.testng.TestRunner.run(TestRunner.java:589)
at org.testng.SuiteRunner.runTest(SuiteRunner.java:377)
at org.testng.SuiteRunner.runSequentially(SuiteRunner.java:371)
at org.testng.SuiteRunner.privateRun(SuiteRunner.java:332)
at org.testng.SuiteRunner.run(SuiteRunner.java:276)
at org.testng.SuiteRunnerWorker.runSuite(SuiteRunnerWorker.java:53)
at org.testng.SuiteRunnerWorker.run(SuiteRunnerWorker.java:96)
at org.testng.TestNG.runSuitesSequentially(TestNG.java:1212)
at org.testng.TestNG.runSuitesLocally(TestNG.java:1134)
at org.testng.TestNG.runSuites(TestNG.java:1063)
at org.testng.TestNG.run(TestNG.java:1031)
at org.testng.remote.AbstractRemoteTestNG.run(AbstractRemoteTestNG.java:115)
at org.testng.remote.RemoteTestNG.initAndRun(RemoteTestNG.java:251)
at org.testng.remote.RemoteTestNG.main(RemoteTestNG.java:77)
]]>
    </failure>
  </testcase> <!-- @BeforeTest browserLaunch -->
  <testcase classname="testClasses.VerifyHeadersTESTnGAmazon" name="@BeforeClass objectsOfPoM" time="-1.653983952975E9">
    <skipped/>
  </testcase> <!-- @BeforeClass objectsOfPoM -->
  <testcase classname="testClasses.VerifyHeadersTESTnGAmazon" name="@BeforeMethod apploginmethod" time="-1.653983952985E9">
    <skipped/>
  </testcase> <!-- @BeforeMethod apploginmethod -->
  <testcase classname="testClasses.VerifyHeadersTESTnGAmazon" name="@AfterMethod loGOut" time="-1.653983952991E9">
    <skipped/>
  </testcase> <!-- @AfterMethod loGOut -->
  <testcase classname="testClasses.VerifyHeadersTESTnGAmazon" name="@BeforeMethod apploginmethod" time="-1.653983952992E9">
    <skipped/>
  </testcase> <!-- @BeforeMethod apploginmethod -->
  <testcase classname="testClasses.VerifyHeadersTESTnGAmazon" name="@AfterMethod loGOut" time="-1.653983952996E9">
    <skipped/>
  </testcase> <!-- @AfterMethod loGOut -->
  <testcase classname="testClasses.VerifyHeadersTESTnGAmazon" name="@BeforeMethod apploginmethod" time="-1.653983952996E9">
    <skipped/>
  </testcase> <!-- @BeforeMethod apploginmethod -->
  <testcase classname="testClasses.VerifyHeadersTESTnGAmazon" name="@AfterMethod loGOut" time="-1.653983953E9">
    <skipped/>
  </testcase> <!-- @AfterMethod loGOut -->
  <testcase classname="testClasses.VerifyHeadersTESTnGAmazon" name="@AfterClass clearObjects" time="-1.653983953002E9">
    <skipped/>
  </testcase> <!-- @AfterClass clearObjects -->
  <testcase classname="testClasses.VerifyHeadersTESTnGAmazon" name="@AfterTest browerClose" time="-1.653983953006E9">
    <skipped/>
  </testcase> <!-- @AfterTest browerClose -->
  <testcase classname="testClasses.VerifyHeadersTESTnGAmazon" name="test3_LangCheck" time="0.0">
    <skipped/>
  </testcase> <!-- test3_LangCheck -->
  <testcase classname="testClasses.VerifyHeadersTESTnGAmazon" name="testcase1_Pay" time="0.0">
    <skipped/>
  </testcase> <!-- testcase1_Pay -->
  <testcase classname="testClasses.VerifyHeadersTESTnGAmazon" name="testcase2_Gift" time="0.0">
    <skipped/>
  </testcase> <!-- testcase2_Gift -->
</testsuite> <!-- Default test -->
